<?xml version="1.0" encoding="UTF-8"?>
<!-- Generated by org.testng.reporters.JUnitReportReporter -->
<testsuite hostname="Rajat" failures="0" tests="3" name="Testcases.Post_CreateUser" time="6.251" errors="0" timestamp="2023-04-28T12:14:23 IST" skipped="0">
  <testcase classname="Testcases.Post_CreateUser" name="testCreateUser" time="0.458"/>
  <system-out/>
  <testcase classname="Testcases.Post_CreateUser" name="testCreateUser" time="4.005"/>
  <system-out/>
  <testcase classname="Testcases.Post_CreateUser" name="testVerifyUserDetails" time="1.788"/>
  <system-out/>
</testsuite> <!-- Testcases.Post_CreateUser -->
