<?xml version="1.0" encoding="UTF-8"?>
<!-- Generated by org.testng.reporters.JUnitReportReporter -->
<testsuite hostname="Rajat" failures="0" tests="2" name="Testcases.Post_CreateUser" time="5.256" errors="0" timestamp="2023-04-28T01:50:57 IST" skipped="0">
  <testcase classname="Testcases.Post_CreateUser" name="testCreateUser" time="3.555"/>
  <system-out/>
  <testcase classname="Testcases.Post_CreateUser" name="testVerifyUserDetails" time="1.701"/>
  <system-out/>
</testsuite> <!-- Testcases.Post_CreateUser -->
