<?xml version="1.0" encoding="UTF-8"?>
<!-- Generated by org.testng.reporters.JUnitReportReporter -->
<testsuite hostname="Rajat" failures="0" tests="4" name="Testcases.TC3_updateUser" time="6.916" errors="0" timestamp="2023-04-28T03:46:53 IST" skipped="0">
  <testcase classname="Testcases.TC3_updateUser" name="testCreateUser" time="3.531"/>
  <system-out/>
  <testcase classname="Testcases.TC3_updateUser" name="testCreateUser" time="0.480"/>
  <system-out/>
  <testcase classname="Testcases.TC3_updateUser" name="testUpdateUser" time="0.780"/>
  <system-out/>
  <testcase classname="Testcases.TC3_updateUser" name="testUpdateUser" time="2.125"/>
  <system-out/>
</testsuite> <!-- Testcases.TC3_updateUser -->
